<?xml version="1.0" encoding="UTF-8"?>
<!-- Generated by org.testng.reporters.JUnitReportReporter -->
<testsuite hostname="DESKTOP-KCJU303" failures="0" tests="1" name="manipal2.DataDrivenTesting.ReadExcel" time="13.664" errors="0" timestamp="2024-02-28T11:44:47 PST" skipped="0">
  <testcase classname="manipal2.DataDrivenTesting.ReadExcel" name="fblogin" time="13.664"/>
  <system-out/>
</testsuite> <!-- manipal2.DataDrivenTesting.ReadExcel -->
